生成启动时间为 2016-8-31 16:01:48。
     1>项目“F:\VSworkspace\OpenCV19\OpenCV19\OpenCV19.vcxproj”在节点 2 上(Rebuild 个目标)。
     1>ClCompile:
         C:\Program Files (x86)\Microsoft Visual Studio 14.0\VC\bin\x86_amd64\CL.exe /c /ZI /nologo /W3 /WX- /Od /D _DEBUG /D _CONSOLE /D _UNICODE /D UNICODE /Gm /EHsc /RTC1 /MDd /GS /fp:precise /Zc:wchar_t /Zc:forScope /Zc:inline /Fo"x64\Debug\\" /Fd"x64\Debug\vc140.pdb" /Gd /TP /errorReport:prompt "源.cpp"
         源.cpp
     1>f:\opencv\build\include\opencv2\core\mat.hpp(1965): warning C4819: 该文件包含不能在当前代码页(936)中表示的字符。请将该文件保存为 Unicode 格式以防止数据丢失
     1>f:\opencv\build\include\opencv2\core\persistence.hpp : warning C4819: 该文件包含不能在当前代码页(936)中表示的字符。请将该文件保存为 Unicode 格式以防止数据丢失
     1>f:\opencv\build\include\opencv2\core\utility.hpp : warning C4819: 该文件包含不能在当前代码页(936)中表示的字符。请将该文件保存为 Unicode 格式以防止数据丢失
     1>f:\vsworkspace\opencv19\opencv19\源.cpp(29): error C3861: “cvQueryHistValue_1D”: 找不到标识符
     1>f:\vsworkspace\opencv19\opencv19\源.cpp(42): error C3861: “cvQueryHistValue_1D”: 找不到标识符
     1>已完成生成项目“F:\VSworkspace\OpenCV19\OpenCV19\OpenCV19.vcxproj”(Rebuild 个目标)的操作 - 失败。

生成失败。

已用时间 00:00:02.72
